-------------------------------------------------------------------------------
Test set: Search and Place the order for Products #2
-------------------------------------------------------------------------------
Tests run: 2, Failures: 1, Errors: 0, Skipped: 0, Time elapsed: 18.331 s <<< FAILURE! - in Search and Place the order for Products #2
Search and Place the order for Products #2.Search Experience for product search in both home and Offers page #2  Time elapsed: 8.049 s  <<< FAILURE!
org.junit.ComparisonFailure: expected:<[Beetroot]> but was:<[No data]>

