<?xml version="1.0" encoding="UTF-8"?>
<testng-results ignored="0" total="1" passed="1" failed="0" skipped="0">
  <reporter-output>
  </reporter-output>
  <suite started-at="2023-07-15T02:54:10Z" name="Default suite" finished-at="2023-07-15T02:54:21Z" duration-ms="11315">
    <groups>
      <group name="cucumber">
        <method signature="AbstractTestNGCucumberTests.runScenario(io.cucumber.testng.PickleWrapper, io.cucumber.testng.FeatureWrapper)[pri:0, instance:TestRunnerFiles.TestNgTestRunner@2c07545f]" name="runScenario" class="io.cucumber.testng.AbstractTestNGCucumberTests"/>
      </group> <!-- cucumber -->
    </groups>
    <test started-at="2023-07-15T02:54:10Z" name="Default test" finished-at="2023-07-15T02:54:21Z" duration-ms="11315">
      <class name="TestRunnerFiles.TestNgTestRunner">
        <test-method is-config="true" signature="setUpClass(org.testng.ITestContext)[pri:0, instance:TestRunnerFiles.TestNgTestRunner@2c07545f]" started-at="2023-07-15T02:54:10Z" name="setUpClass" finished-at="2023-07-15T02:54:11Z" duration-ms="886" status="PASS">
          <params>
            <param index="0">
              <value>
                <![CDATA[org.testng.TestRunner@58472096]]>
              </value>
            </param>
          </params>
          <reporter-output>
          </reporter-output>
        </test-method> <!-- setUpClass -->
        <test-method signature="runScenario(io.cucumber.testng.PickleWrapper, io.cucumber.testng.FeatureWrapper)[pri:0, instance:TestRunnerFiles.TestNgTestRunner@2c07545f]" started-at="2023-07-15T02:54:11Z" name="runScenario" description="Runs Cucumber Scenarios" data-provider="scenarios" finished-at="2023-07-15T02:54:21Z" duration-ms="9972" status="PASS">
          <params>
            <param index="0">
              <value>
                <![CDATA["Search a product and add into cart"]]>
              </value>
            </param>
            <param index="1">
              <value>
                <![CDATA["Search and Place the order for Products"]]>
              </value>
            </param>
          </params>
          <reporter-output>
          </reporter-output>
        </test-method> <!-- runScenario -->
        <test-method is-config="true" signature="tearDownClass()[pri:0, instance:TestRunnerFiles.TestNgTestRunner@2c07545f]" started-at="2023-07-15T02:54:21Z" name="tearDownClass" finished-at="2023-07-15T02:54:21Z" duration-ms="431" status="PASS">
          <reporter-output>
          </reporter-output>
        </test-method> <!-- tearDownClass -->
      </class> <!-- TestRunnerFiles.TestNgTestRunner -->
    </test> <!-- Default test -->
  </suite> <!-- Default suite -->
</testng-results>
