<?xml version="1.0" encoding="UTF-8"?>
<!-- Generated by org.testng.reporters.JUnitReportReporter -->
<testsuite hostname="LAPTOP-6UNA8P7R" failures="1" tests="1" name="TestRunnerFiles.FailedTestRunner" time="8.612" errors="0" timestamp="2023-06-06T14:23:51 EDT" skipped="0">
  <testcase classname="TestRunnerFiles.FailedTestRunner" name="runScenario" time="8.612">
    <failure message="expected [No data] but found [Beetroot]" type="java.lang.AssertionError">
      <![CDATA[java.lang.AssertionError: expected [No data] but found [Beetroot]
at org.testng.Assert.fail(Assert.java:110)
at org.testng.Assert.failNotEquals(Assert.java:1577)
at org.testng.Assert.assertEqualsImpl(Assert.java:149)
at org.testng.Assert.assertEquals(Assert.java:131)
at org.testng.Assert.assertEquals(Assert.java:655)
at org.testng.Assert.assertEquals(Assert.java:665)
at StepDefenitions.OfferPageStepDef.validate_product_name_in_offers_page_matches_with_landing_page(OfferPageStepDef.java:62)
at ✽.validate product name in offers page matches with Landing Page(file:///C:/Users/Owner/eclipse-Cucumber/ProjectE2E/src/test/java/FeatureFiles/SearchProduct.feature:9)
]]>
    </failure>
  </testcase> <!-- runScenario -->
  <system-out/>
</testsuite> <!-- TestRunnerFiles.FailedTestRunner -->
